This file contains any messages produced by compilers while
running configure, to aid debugging if configure makes a mistake.

It was created by ntopng configure 3.6.181020, which was
generated by GNU Autoconf 2.69.  Invocation command line was

  $ ./configure 

## --------- ##
## Platform. ##
## --------- ##

hostname = jiang-LNU
uname -m = x86_64
uname -r = 4.10.0-28-generic
uname -s = Linux
uname -v = #32~16.04.2-Ubuntu SMP Thu Jul 20 10:19:48 UTC 2017

/usr/bin/uname -p = unknown
/bin/uname -X     = unknown

/bin/arch              = unknown
/usr/bin/arch -k       = unknown
/usr/convex/getsysinfo = unknown
/usr/bin/hostinfo      = unknown
/bin/machine           = unknown
/usr/bin/oslevel       = unknown
/bin/universe          = unknown

PATH: /home/jiang/bin
PATH: /home/jiang/.local/bin
PATH: /usr/local/sbin
PATH: /usr/local/bin
PATH: /usr/sbin
PATH: /usr/bin
PATH: /sbin
PATH: /bin
PATH: /usr/games
PATH: /usr/local/games
PATH: /snap/bin


## ----------- ##
## Core tests. ##
## ----------- ##

configure:2257: checking for gcc
configure:2273: found /usr/bin/gcc
configure:2284: result: gcc
configure:2513: checking for C compiler version
configure:2522: gcc --version >&5
gcc (Ubuntu 5.4.0-6ubuntu1~16.04.10) 5.4.0 20160609
Copyright (C) 2015 Free Software Foundation, Inc.
This is free software; see the source for copying conditions.  There is NO
warranty; not even for MERCHANTABILITY or FITNESS FOR A PARTICULAR PURPOSE.

configure:2533: $? = 0
configure:2522: gcc -v >&5
Using built-in specs.
COLLECT_GCC=gcc
COLLECT_LTO_WRAPPER=/usr/lib/gcc/x86_64-linux-gnu/5/lto-wrapper
Target: x86_64-linux-gnu
Configured with: ../src/configure -v --with-pkgversion='Ubuntu 5.4.0-6ubuntu1~16.04.10' --with-bugurl=file:///usr/share/doc/gcc-5/README.Bugs --enable-languages=c,ada,c++,java,go,d,fortran,objc,obj-c++ --prefix=/usr --program-suffix=-5 --enable-shared --enable-linker-build-id --libexecdir=/usr/lib --without-included-gettext --enable-threads=posix --libdir=/usr/lib --enable-nls --with-sysroot=/ --enable-clocale=gnu --enable-libstdcxx-debug --enable-libstdcxx-time=yes --with-default-libstdcxx-abi=new --enable-gnu-unique-object --disable-vtable-verify --enable-libmpx --enable-plugin --with-system-zlib --disable-browser-plugin --enable-java-awt=gtk --enable-gtk-cairo --with-java-home=/usr/lib/jvm/java-1.5.0-gcj-5-amd64/jre --enable-java-home --with-jvm-root-dir=/usr/lib/jvm/java-1.5.0-gcj-5-amd64 --with-jvm-jar-dir=/usr/lib/jvm-exports/java-1.5.0-gcj-5-amd64 --with-arch-directory=amd64 --with-ecj-jar=/usr/share/java/eclipse-ecj.jar --enable-objc-gc --enable-multiarch --disable-werror --with-arch-32=i686 --with-abi=m64 --with-multilib-list=m32,m64,mx32 --enable-multilib --with-tune=generic --enable-checking=release --build=x86_64-linux-gnu --host=x86_64-linux-gnu --target=x86_64-linux-gnu
Thread model: posix
gcc version 5.4.0 20160609 (Ubuntu 5.4.0-6ubuntu1~16.04.10) 
configure:2533: $? = 0
configure:2522: gcc -V >&5
gcc: error: unrecognized command line option '-V'
gcc: fatal error: no input files
compilation terminated.
configure:2533: $? = 1
configure:2522: gcc -qversion >&5
gcc: error: unrecognized command line option '-qversion'
gcc: fatal error: no input files
compilation terminated.
configure:2533: $? = 1
configure:2553: checking whether the C compiler works
configure:2575: gcc    conftest.c  >&5
configure:2579: $? = 0
configure:2627: result: yes
configure:2630: checking for C compiler default output file name
configure:2632: result: a.out
configure:2638: checking for suffix of executables
configure:2645: gcc -o conftest    conftest.c  >&5
configure:2649: $? = 0
configure:2671: result: 
configure:2693: checking whether we are cross compiling
configure:2701: gcc -o conftest    conftest.c  >&5
configure:2705: $? = 0
configure:2712: ./conftest
configure:2716: $? = 0
configure:2731: result: no
configure:2736: checking for suffix of object files
configure:2758: gcc -c   conftest.c >&5
configure:2762: $? = 0
configure:2783: result: o
configure:2787: checking whether we are using the GNU C compiler
configure:2806: gcc -c   conftest.c >&5
configure:2806: $? = 0
configure:2815: result: yes
configure:2824: checking whether gcc accepts -g
configure:2844: gcc -c -g  conftest.c >&5
configure:2844: $? = 0
configure:2885: result: yes
configure:2902: checking for gcc option to accept ISO C89
configure:2965: gcc  -c -g -O2  conftest.c >&5
configure:2965: $? = 0
configure:2978: result: none needed
configure:3003: checking how to run the C preprocessor
configure:3034: gcc -E  conftest.c
configure:3034: $? = 0
configure:3048: gcc -E  conftest.c
conftest.c:9:28: fatal error: ac_nonexistent.h: No such file or directory
compilation terminated.
configure:3048: $? = 1
configure: failed program was:
| /* confdefs.h */
| #define PACKAGE_NAME "ntopng"
| #define PACKAGE_TARNAME "ntopng"
| #define PACKAGE_VERSION "3.6.181020"
| #define PACKAGE_STRING "ntopng 3.6.181020"
| #define PACKAGE_BUGREPORT ""
| #define PACKAGE_URL ""
| /* end confdefs.h.  */
| #include <ac_nonexistent.h>
configure:3073: result: gcc -E
configure:3093: gcc -E  conftest.c
configure:3093: $? = 0
configure:3107: gcc -E  conftest.c
conftest.c:9:28: fatal error: ac_nonexistent.h: No such file or directory
compilation terminated.
configure:3107: $? = 1
configure: failed program was:
| /* confdefs.h */
| #define PACKAGE_NAME "ntopng"
| #define PACKAGE_TARNAME "ntopng"
| #define PACKAGE_VERSION "3.6.181020"
| #define PACKAGE_STRING "ntopng 3.6.181020"
| #define PACKAGE_BUGREPORT ""
| #define PACKAGE_URL ""
| /* end confdefs.h.  */
| #include <ac_nonexistent.h>
configure:3194: checking for g++
configure:3210: found /usr/bin/g++
configure:3221: result: g++
configure:3248: checking for C++ compiler version
configure:3257: g++ --version >&5
g++ (Ubuntu 5.4.0-6ubuntu1~16.04.10) 5.4.0 20160609
Copyright (C) 2015 Free Software Foundation, Inc.
This is free software; see the source for copying conditions.  There is NO
warranty; not even for MERCHANTABILITY or FITNESS FOR A PARTICULAR PURPOSE.

configure:3268: $? = 0
configure:3257: g++ -v >&5
Using built-in specs.
COLLECT_GCC=g++
COLLECT_LTO_WRAPPER=/usr/lib/gcc/x86_64-linux-gnu/5/lto-wrapper
Target: x86_64-linux-gnu
Configured with: ../src/configure -v --with-pkgversion='Ubuntu 5.4.0-6ubuntu1~16.04.10' --with-bugurl=file:///usr/share/doc/gcc-5/README.Bugs --enable-languages=c,ada,c++,java,go,d,fortran,objc,obj-c++ --prefix=/usr --program-suffix=-5 --enable-shared --enable-linker-build-id --libexecdir=/usr/lib --without-included-gettext --enable-threads=posix --libdir=/usr/lib --enable-nls --with-sysroot=/ --enable-clocale=gnu --enable-libstdcxx-debug --enable-libstdcxx-time=yes --with-default-libstdcxx-abi=new --enable-gnu-unique-object --disable-vtable-verify --enable-libmpx --enable-plugin --with-system-zlib --disable-browser-plugin --enable-java-awt=gtk --enable-gtk-cairo --with-java-home=/usr/lib/jvm/java-1.5.0-gcj-5-amd64/jre --enable-java-home --with-jvm-root-dir=/usr/lib/jvm/java-1.5.0-gcj-5-amd64 --with-jvm-jar-dir=/usr/lib/jvm-exports/java-1.5.0-gcj-5-amd64 --with-arch-directory=amd64 --with-ecj-jar=/usr/share/java/eclipse-ecj.jar --enable-objc-gc --enable-multiarch --disable-werror --with-arch-32=i686 --with-abi=m64 --with-multilib-list=m32,m64,mx32 --enable-multilib --with-tune=generic --enable-checking=release --build=x86_64-linux-gnu --host=x86_64-linux-gnu --target=x86_64-linux-gnu
Thread model: posix
gcc version 5.4.0 20160609 (Ubuntu 5.4.0-6ubuntu1~16.04.10) 
configure:3268: $? = 0
configure:3257: g++ -V >&5
g++: error: unrecognized command line option '-V'
g++: fatal error: no input files
compilation terminated.
configure:3268: $? = 1
configure:3257: g++ -qversion >&5
g++: error: unrecognized command line option '-qversion'
g++: fatal error: no input files
compilation terminated.
configure:3268: $? = 1
configure:3272: checking whether we are using the GNU C++ compiler
configure:3291: g++ -c   conftest.cpp >&5
configure:3291: $? = 0
configure:3300: result: yes
configure:3309: checking whether g++ accepts -g
configure:3329: g++ -c -g  conftest.cpp >&5
configure:3329: $? = 0
configure:3370: result: yes
configure:3973: checking for pkg-config
configure:3991: found /usr/bin/pkg-config
configure:4003: result: /usr/bin/pkg-config
configure:4028: checking pkg-config is at least version 0.9.0
configure:4031: result: yes
configure:4041: checking for NDPI
configure:4048: $PKG_CONFIG --exists --print-errors "libndpi >= 2.0"
Package libndpi was not found in the pkg-config search path.
Perhaps you should add the directory containing `libndpi.pc'
to the PKG_CONFIG_PATH environment variable
No package 'libndpi' found
configure:4051: $? = 1
configure:4065: $PKG_CONFIG --exists --print-errors "libndpi >= 2.0"
Package libndpi was not found in the pkg-config search path.
Perhaps you should add the directory containing `libndpi.pc'
to the PKG_CONFIG_PATH environment variable
No package 'libndpi' found
configure:4068: $? = 1
configure:4082: result: no
No package 'libndpi' found
configure:4099: checking for nDPI source
configure:4110: result: found in ./nDPI
configure:4113: checking for ./nDPI/src/lib/libndpi.a
configure:4116: result: found ./nDPI/src/lib/libndpi.a
configure:4205: checking for ntopng professional edition
configure:4297: result: not found
configure:4451: checking for pcap_open_live in -lpcap
configure:4476: gcc -o conftest -I/home/jiang/ntopng-3.6.1 -I/home/jiang/ntopng-3.6.1/include -I/usr/local/include  -I/home/jiang/ntopng-3.6.1 -I/home/jiang/ntopng-3.6.1/include -I/usr/local/include  -L/usr/local/lib conftest.c -lpcap   >&5
configure:4476: $? = 0
configure:4485: result: yes
configure:4511: checking for cap_get_proc in -lcap
configure:4536: gcc -o conftest -I/home/jiang/ntopng-3.6.1 -I/home/jiang/ntopng-3.6.1/include -I/usr/local/include  -I/home/jiang/ntopng-3.6.1 -I/home/jiang/ntopng-3.6.1/include -I/usr/local/include  -L/usr/local/lib conftest.c -lcap   >&5
configure:4536: $? = 0
configure:4545: result: yes
configure:4560: checking for ldap_initialize in -lldap
configure:4585: gcc -o conftest -I/home/jiang/ntopng-3.6.1 -I/home/jiang/ntopng-3.6.1/include -I/usr/local/include  -I/home/jiang/ntopng-3.6.1 -I/home/jiang/ntopng-3.6.1/include -I/usr/local/include  -L/usr/local/lib -lcap conftest.c -lldap   >&5
/usr/bin/ld: cannot find -lldap
collect2: error: ld returned 1 exit status
configure:4585: $? = 1
configure: failed program was:
| /* confdefs.h */
| #define PACKAGE_NAME "ntopng"
| #define PACKAGE_TARNAME "ntopng"
| #define PACKAGE_VERSION "3.6.181020"
| #define PACKAGE_STRING "ntopng 3.6.181020"
| #define PACKAGE_BUGREPORT ""
| #define PACKAGE_URL ""
| #define NO_SSL_DL 1
| #define NTOPNG_GIT_RELEASE ":3.6.181020"
| #define NTOPNG_GIT_DATE "2018年 10月 20日 星期六 09:36:41 CST"
| #define PACKAGE_OSNAME "Debian stretch/sid"
| #define HAVE_HIREDIS 1
| #define HAVE_LIBCAP 1
| /* end confdefs.h.  */
| 
| /* Override any GCC internal prototype to avoid an error.
|    Use char because int might match the return type of a GCC
|    builtin and then its argument prototype would still apply.  */
| #ifdef __cplusplus
| extern "C"
| #endif
| char ldap_initialize ();
| int
| main ()
| {
| return ldap_initialize ();
|   ;
|   return 0;
| }
configure:4594: result: no
configure:4616: checking for nl_handle_alloc in -lnl
configure:4641: gcc -o conftest -I/home/jiang/ntopng-3.6.1 -I/home/jiang/ntopng-3.6.1/include -I/usr/local/include  -I/home/jiang/ntopng-3.6.1 -I/home/jiang/ntopng-3.6.1/include -I/usr/local/include  -L/usr/local/lib -lcap conftest.c -lnl   >&5
/usr/bin/ld: cannot find -lnl
collect2: error: ld returned 1 exit status
configure:4641: $? = 1
configure: failed program was:
| /* confdefs.h */
| #define PACKAGE_NAME "ntopng"
| #define PACKAGE_TARNAME "ntopng"
| #define PACKAGE_VERSION "3.6.181020"
| #define PACKAGE_STRING "ntopng 3.6.181020"
| #define PACKAGE_BUGREPORT ""
| #define PACKAGE_URL ""
| #define NO_SSL_DL 1
| #define NTOPNG_GIT_RELEASE ":3.6.181020"
| #define NTOPNG_GIT_DATE "2018年 10月 20日 星期六 09:36:41 CST"
| #define PACKAGE_OSNAME "Debian stretch/sid"
| #define HAVE_HIREDIS 1
| #define HAVE_LIBCAP 1
| /* end confdefs.h.  */
| 
| /* Override any GCC internal prototype to avoid an error.
|    Use char because int might match the return type of a GCC
|    builtin and then its argument prototype would still apply.  */
| #ifdef __cplusplus
| extern "C"
| #endif
| char nl_handle_alloc ();
| int
| main ()
| {
| return nl_handle_alloc ();
|   ;
|   return 0;
| }
configure:4650: result: no
configure:4656: checking for clock_gettime in -lrt
configure:4681: gcc -o conftest -I/home/jiang/ntopng-3.6.1 -I/home/jiang/ntopng-3.6.1/include -I/usr/local/include  -I/home/jiang/ntopng-3.6.1 -I/home/jiang/ntopng-3.6.1/include -I/usr/local/include  -L/usr/local/lib -lcap conftest.c -lrt   >&5
configure:4681: $? = 0
configure:4690: result: yes
configure:4697: checking for zlibVersion in -lz
configure:4722: gcc -o conftest -I/home/jiang/ntopng-3.6.1 -I/home/jiang/ntopng-3.6.1/include -I/usr/local/include  -I/home/jiang/ntopng-3.6.1 -I/home/jiang/ntopng-3.6.1/include -I/usr/local/include  -L/usr/local/lib -lcap -lrt conftest.c -lz   >&5
configure:4722: $? = 0
configure:4731: result: yes
configure:4742: checking for dlopen in -ldl
configure:4767: gcc -o conftest -I/home/jiang/ntopng-3.6.1 -I/home/jiang/ntopng-3.6.1/include -I/usr/local/include  -I/home/jiang/ntopng-3.6.1 -I/home/jiang/ntopng-3.6.1/include -I/usr/local/include  -L/usr/local/lib -lcap -lrt -lz conftest.c -ldl   >&5
configure:4767: $? = 0
configure:4776: result: yes
configure:4783: checking for curl_easy_perform in -lcurl
configure:4808: gcc -o conftest -I/home/jiang/ntopng-3.6.1 -I/home/jiang/ntopng-3.6.1/include -I/usr/local/include  -I/home/jiang/ntopng-3.6.1 -I/home/jiang/ntopng-3.6.1/include -I/usr/local/include  -L/usr/local/lib -lcap -lrt -lz -ldl conftest.c -lcurl   >&5
configure:4808: $? = 0
configure:4817: result: yes
configure:4828: checking for curl SMTP support
configure:4836: result: yes
configure:4871: checking for MMDB_lookup_sockaddr in -lmaxminddb
configure:4896: gcc -o conftest -Wall -I/home/jiang/ntopng-3.6.1 -I/home/jiang/ntopng-3.6.1/include -I/usr/local/include  -I/home/jiang/ntopng-3.6.1 -I/home/jiang/ntopng-3.6.1/include -I/usr/local/include  -L/usr/local/lib -lcap -lrt -lz -ldl -lcurl conftest.c -lmaxminddb   >&5
configure:4896: $? = 0
configure:4905: result: yes
configure:4918: checking maxminddb.h usability
configure:4918: gcc -c -Wall -I/home/jiang/ntopng-3.6.1 -I/home/jiang/ntopng-3.6.1/include -I/usr/local/include  -I/home/jiang/ntopng-3.6.1 -I/home/jiang/ntopng-3.6.1/include -I/usr/local/include conftest.c >&5
configure:4918: $? = 0
configure:4918: result: yes
configure:4918: checking maxminddb.h presence
configure:4918: gcc -E  -I/home/jiang/ntopng-3.6.1 -I/home/jiang/ntopng-3.6.1/include -I/usr/local/include conftest.c
configure:4918: $? = 0
configure:4918: result: yes
configure:4918: checking for maxminddb.h
configure:4918: result: yes
configure:4943: checking for sqlite3_open in -lsqlite3
configure:4968: gcc -o conftest -Wall -I/home/jiang/ntopng-3.6.1 -I/home/jiang/ntopng-3.6.1/include -I/usr/local/include  -I/home/jiang/ntopng-3.6.1 -I/home/jiang/ntopng-3.6.1/include -I/usr/local/include  -L/usr/local/lib -lcap -lrt -lz -ldl -lcurl conftest.c -lsqlite3  -lmaxminddb  >&5
configure:4968: $? = 0
configure:4977: result: yes
configure:5040: checking for mariadb_config
configure:5070: result: no
configure:5136: checking for mysql_config
configure:5152: found /usr/bin/mysql_config
configure:5163: result: mysql_config
configure:5206: checking for main in -lwrap
configure:5225: gcc -o conftest -Wall -I/home/jiang/ntopng-3.6.1 -I/home/jiang/ntopng-3.6.1/include -I/usr/local/include  -I/home/jiang/ntopng-3.6.1 -I/home/jiang/ntopng-3.6.1/include -I/usr/local/include  -L/usr/local/lib -lcap -lrt -lz -ldl -lcurl conftest.c -lwrap  -lmaxminddb  >&5
/usr/bin/ld: cannot find -lwrap
collect2: error: ld returned 1 exit status
configure:5225: $? = 1
configure: failed program was:
| /* confdefs.h */
| #define PACKAGE_NAME "ntopng"
| #define PACKAGE_TARNAME "ntopng"
| #define PACKAGE_VERSION "3.6.181020"
| #define PACKAGE_STRING "ntopng 3.6.181020"
| #define PACKAGE_BUGREPORT ""
| #define PACKAGE_URL ""
| #define NO_SSL_DL 1
| #define NTOPNG_GIT_RELEASE ":3.6.181020"
| #define NTOPNG_GIT_DATE "2018年 10月 20日 星期六 09:36:41 CST"
| #define PACKAGE_OSNAME "Debian stretch/sid"
| #define HAVE_HIREDIS 1
| #define HAVE_LIBCAP 1
| #define HAVE_ZLIB 1
| #define HAVE_CURL_SMTP 1
| #define HAVE_LIBMAXMINDDB 1
| #define HAVE_MAXMINDDB_H 1
| #define HAVE_MAXMINDDB 1
| #define HAVE_SQLITE 1
| #define HAVE_MYSQL 1
| /* end confdefs.h.  */
| 
| 
| int
| main ()
| {
| return main ();
|   ;
|   return 0;
| }
configure:5234: result: no
configure:5504: creating ./config.status

## ---------------------- ##
## Running config.status. ##
## ---------------------- ##

This file was extended by ntopng config.status 3.6.181020, which was
generated by GNU Autoconf 2.69.  Invocation command line was

  CONFIG_FILES    = 
  CONFIG_HEADERS  = 
  CONFIG_LINKS    = 
  CONFIG_COMMANDS = 
  $ ./config.status 

on jiang-LNU

config.status:863: creating packages/ntopng.spec
config.status:863: creating packages/ntopng-data.spec
config.status:863: creating Makefile
config.status:863: creating doc/doxygen.conf
config.status:863: creating httpdocs/misc/ntopng-utils-manage-config
config.status:863: creating packages/etc/systemd/system/ntopng.service
config.status:863: creating include/config.h

## ---------------- ##
## Cache variables. ##
## ---------------- ##

ac_cv_c_compiler_gnu=yes
ac_cv_cxx_compiler_gnu=yes
ac_cv_env_CCC_set=
ac_cv_env_CCC_value=
ac_cv_env_CC_set=
ac_cv_env_CC_value=
ac_cv_env_CFLAGS_set=
ac_cv_env_CFLAGS_value=
ac_cv_env_CPPFLAGS_set=
ac_cv_env_CPPFLAGS_value=
ac_cv_env_CPP_set=
ac_cv_env_CPP_value=
ac_cv_env_CXXFLAGS_set=
ac_cv_env_CXXFLAGS_value=
ac_cv_env_CXX_set=
ac_cv_env_CXX_value=
ac_cv_env_LDFLAGS_set=
ac_cv_env_LDFLAGS_value=
ac_cv_env_LIBS_set=
ac_cv_env_LIBS_value=
ac_cv_env_NDPI_CFLAGS_set=
ac_cv_env_NDPI_CFLAGS_value=
ac_cv_env_NDPI_LIBS_set=
ac_cv_env_NDPI_LIBS_value=
ac_cv_env_PKG_CONFIG_LIBDIR_set=
ac_cv_env_PKG_CONFIG_LIBDIR_value=
ac_cv_env_PKG_CONFIG_PATH_set=
ac_cv_env_PKG_CONFIG_PATH_value=
ac_cv_env_PKG_CONFIG_set=
ac_cv_env_PKG_CONFIG_value=
ac_cv_env_build_alias_set=
ac_cv_env_build_alias_value=
ac_cv_env_host_alias_set=
ac_cv_env_host_alias_value=
ac_cv_env_target_alias_set=
ac_cv_env_target_alias_value=
ac_cv_header_maxminddb_h=yes
ac_cv_lib_cap_cap_get_proc=yes
ac_cv_lib_curl_curl_easy_perform=yes
ac_cv_lib_dl_dlopen=yes
ac_cv_lib_ldap_ldap_initialize=no
ac_cv_lib_maxminddb_MMDB_lookup_sockaddr=yes
ac_cv_lib_nl_nl_handle_alloc=no
ac_cv_lib_pcap_pcap_open_live=yes
ac_cv_lib_rt_clock_gettime=yes
ac_cv_lib_sqlite3_sqlite3_open=yes
ac_cv_lib_wrap_main=no
ac_cv_lib_z_zlibVersion=yes
ac_cv_objext=o
ac_cv_path_ac_pt_PKG_CONFIG=/usr/bin/pkg-config
ac_cv_prog_CPP='gcc -E'
ac_cv_prog_ac_ct_CC=gcc
ac_cv_prog_ac_ct_CXX=g++
ac_cv_prog_ac_ct_MYSQL=mysql_config
ac_cv_prog_cc_c89=
ac_cv_prog_cc_g=yes
ac_cv_prog_cxx_g=yes

## ----------------- ##
## Output variables. ##
## ----------------- ##

CC='gcc'
CFLAGS='-Wall -I/home/jiang/ntopng-3.6.1 -I/home/jiang/ntopng-3.6.1/include -I/usr/local/include'
CPP='gcc -E'
CPPFLAGS=' -I/home/jiang/ntopng-3.6.1 -I/home/jiang/ntopng-3.6.1/include -I/usr/local/include'
CXX='g++'
CXXFLAGS='-g -O2'
DATE='2018-10-20'
DEFS='-DHAVE_CONFIG_H'
ECHO_C=''
ECHO_N='-n'
ECHO_T=''
EGREP=''
EXEEXT=''
EXTN='amd64'
GIT_DATE='2018年 10月 20日 星期六 09:36:41 CST'
GIT_INDEX=''
GIT_RELEASE='3.6.181020'
GMAKE='make'
GPP=''
GREP=''
HIREDIS_INC='-D_FILE_OFFSET_BITS=64 -I/usr/include/hiredis -I/usr/include/hiredis'
HIREDIS_LIB='-lhiredis -lhiredis'
INSTALL_DIR='/usr/local'
KERNEL=''
LDFLAGS=' -L/usr/local/lib -lcap -lrt -lz -ldl -lcurl'
LIBOBJS=''
LIBS='-lmaxminddb '
LINK_OPTS=''
LTLIBOBJS=''
MACHINE='x86_64'
MAN_DIR='/usr/local/man'
MARIADB=''
MAXMINDDB_LIB='-lmaxminddb'
MYSQL='mysql_config'
MYSQL_DEP='mysql-libs >= 5.1.0 tcp_wrappers-libs >= 7.6'
MYSQL_INC='-I/usr/include/mysql'
MYSQL_LIB='-L/usr/lib/x86_64-linux-gnu -lmysqlclient -lpthread -lz -lm -lrt -ldl'
NDPI_CFLAGS=''
NDPI_HOME='./nDPI'
NDPI_INC='-I./nDPI/src/include -I./nDPI/src/lib/third_party/include'
NDPI_LIB='./nDPI/src/lib/libndpi.a'
NDPI_LIBS=''
NDPI_LIB_DEP='./nDPI/src/lib/libndpi.a'
NEDGE='0'
NTOPNG_SHORT_VERSION='3.6'
NTOPNG_VERSION='3.6.181020'
OBJEXT='o'
PACKAGE_BUGREPORT=''
PACKAGE_NAME='ntopng'
PACKAGE_STRING='ntopng 3.6.181020'
PACKAGE_TARNAME='ntopng'
PACKAGE_URL=''
PACKAGE_VERSION='3.6.181020'
PATH_SEPARATOR=':'
PFRING_GIT_RELEASE=''
PFRING_VERSION=''
PKG_CONFIG='/usr/bin/pkg-config'
PKG_CONFIG_LIBDIR=''
PKG_CONFIG_PATH=''
PRO_HEADERS=''
PRO_INCS=''
PRO_LIBS=''
PRO_MAKEFILE_INC=''
PRO_OBJECTS=''
PWD='/home/jiang/ntopng-3.6.1'
REVISION='0'
SERVICE_AFTER='network.target syslog.target redis.service pf_ring.service cluster.service mysql.service'
SERVICE_ALIAS=''
SERVICE_REQUIRES=''
SERVICE_WANTS='pf_ring.service cluster.service'
SHELL='/bin/bash'
SQLITE_LIB='-lsqlite3'
SSL_INC=' -I/usr/include/openssl'
SSL_LIB='-lssl -lssl -lcrypto'
SYSTEM='Linux'
UGLIFYJS_MAJOR_VERSION=''
ac_ct_CC='gcc'
ac_ct_CXX='g++'
bindir='${exec_prefix}/bin'
build_alias=''
datadir='${datarootdir}'
datarootdir='${prefix}/share'
docdir='${datarootdir}/doc/${PACKAGE_TARNAME}'
dvidir='${docdir}'
exec_prefix='${prefix}'
host_alias=''
htmldir='${docdir}'
includedir='${prefix}/include'
infodir='${datarootdir}/info'
libdir='${exec_prefix}/lib'
libexecdir='${exec_prefix}/libexec'
localedir='${datarootdir}/locale'
localstatedir='${prefix}/var'
mandir='${datarootdir}/man'
oldincludedir='/usr/include'
pdfdir='${docdir}'
prefix='/usr/local'
program_transform_name='s,x,x,'
psdir='${docdir}'
runstatedir='${localstatedir}/run'
sbindir='${exec_prefix}/sbin'
sharedstatedir='${prefix}/com'
sysconfdir='${prefix}/etc'
target_alias=''

## ----------- ##
## confdefs.h. ##
## ----------- ##

/* confdefs.h */
#define PACKAGE_NAME "ntopng"
#define PACKAGE_TARNAME "ntopng"
#define PACKAGE_VERSION "3.6.181020"
#define PACKAGE_STRING "ntopng 3.6.181020"
#define PACKAGE_BUGREPORT ""
#define PACKAGE_URL ""
#define NO_SSL_DL 1
#define NTOPNG_GIT_RELEASE ":3.6.181020"
#define NTOPNG_GIT_DATE "2018年 10月 20日 星期六 09:36:41 CST"
#define PACKAGE_OSNAME "Debian stretch/sid"
#define HAVE_HIREDIS 1
#define HAVE_LIBCAP 1
#define HAVE_ZLIB 1
#define HAVE_CURL_SMTP 1
#define HAVE_LIBMAXMINDDB 1
#define HAVE_MAXMINDDB_H 1
#define HAVE_MAXMINDDB 1
#define HAVE_SQLITE 1
#define HAVE_MYSQL 1
#define _CRT_SECURE_NO_WARNINGS 1
#define PACKAGE_RELEASE "r3.6.181020"
#define PACKAGE_MACHINE "x86_64"
#define PACKAGE_OS "Ubuntu 16.04.3 LTS"

configure: exit 0
